[2013-08-07 11:14:42] phpDocumentor.INFO: Collecting files ..  [] []
[2013-08-07 11:14:42] phpDocumentor.INFO: OK [] []
[2013-08-07 11:14:42] phpDocumentor.INFO: Initializing parser ..  [] []
[2013-08-07 11:14:42] phpDocumentor.INFO: OK [] []
[2013-08-07 11:14:42] phpDocumentor.INFO: Parsing files [] []
[2013-08-07 11:14:42] phpDocumentor.INFO: Parsing /Applications/MAMP/htdocs/wp-content/plugins/clicky/clicky.php [] []
[2013-08-07 11:14:42] phpDocumentor.INFO: Parsing /Applications/MAMP/htdocs/wp-content/plugins/clicky/yst_plugin_tools.php [] []
[2013-08-07 11:14:42] phpDocumentor.INFO: Storing cache in "/Applications/MAMP/htdocs/wp-content/plugins/clicky/phpdoc" ..  [] []
[2013-08-07 11:14:42] phpDocumentor.INFO: OK [] []
[2013-08-07 11:14:42] phpDocumentor.INFO: Load cache                                                           ..  [] []
[2013-08-07 11:14:42] phpDocumentor.INFO:    0.005s [] []
[2013-08-07 11:14:42] phpDocumentor.INFO: Preparing template "clean"                                           ..  [] []
[2013-08-07 11:14:42] phpDocumentor.INFO:    0.015s [] []
[2013-08-07 11:14:42] phpDocumentor.INFO: Preparing 15 transformations                                         ..  [] []
[2013-08-07 11:14:42] phpDocumentor.INFO:    0.000s [] []
[2013-08-07 11:14:42] phpDocumentor.INFO: Build "elements" index                                               ..  [] []
[2013-08-07 11:14:42] phpDocumentor.INFO:    0.000s [] []
[2013-08-07 11:14:42] phpDocumentor.INFO: Replace textual FQCNs with object aliases                            ..  [] []
[2013-08-07 11:14:42] phpDocumentor.INFO:    0.002s [] []
[2013-08-07 11:14:42] phpDocumentor.INFO: Build "packages" index                                               ..  [] []
[2013-08-07 11:14:42] phpDocumentor.INFO:    0.001s [] []
[2013-08-07 11:14:42] phpDocumentor.INFO: Build "namespaces" index and add namespaces to "elements"            ..  [] []
[2013-08-07 11:14:42] phpDocumentor.INFO:    0.000s [] []
[2013-08-07 11:14:42] phpDocumentor.INFO: Transform analyzed project into artifacts                            ..  [] []
[2013-08-07 11:14:42] phpDocumentor.INFO:    0.448s [] []
[2013-08-07 11:14:42] phpDocumentor.INFO: Analyze results and write report to log                              ..  [] []
[2013-08-07 11:14:42] phpDocumentor.DEBUG: In the ProjectDescriptor are:
         2 files
         0 top-level namespaces
         1 unresolvable parent classes
         6 phpDocumentor\Descriptor\FunctionDescriptor elements
         2 phpDocumentor\Descriptor\ClassDescriptor elements
        26 phpDocumentor\Descriptor\MethodDescriptor elements
        13 phpDocumentor\Descriptor\PropertyDescriptor elements
         1 phpDocumentor\Descriptor\NamespaceDescriptor elements
 [] []
[2013-08-07 11:14:42] phpDocumentor.INFO:    0.000s [] []
